Cluster 1:

Total Eyes:	23
Asian Female:	2	Asian Male:	0	Total Asians:		2
Black Female:	8	Black Male:	0	Total Blacks:		8
Latino Female:	0	Latino Male:	2	Total Latinos:	2
White Female:	11	White Male:	0	Total Whites:	11
Total Females:	21	Total Males:	2	Total Eyes:		23

Cluster 2:

Total Eyes:	56
Asian Female:	7	Asian Male:	5	Total Asians:		12
Black Female:	5	Black Male:	13	Total Blacks:		18
Latino Female:	7	Latino Male:	4	Total Latinos:	11
White Female:	2	White Male:	13	Total Whites:	15
Total Females:	21	Total Males:	35	Total Eyes:		56

Cluster 3:

Total Eyes:	73
Asian Female:	8	Asian Male:	10	Total Asians:		18
Black Female:	6	Black Male:	12	Total Blacks:		18
Latino Female:	3	Latino Male:	15	Total Latinos:	18
White Female:	6	White Male:	13	Total Whites:	19
Total Females:	23	Total Males:	50	Total Eyes:		73

Cluster 4:

Total Eyes:	59
Asian Female:	8	Asian Male:	2	Total Asians:		10
Black Female:	16	Black Male:	7	Total Blacks:		23
Latino Female:	8	Latino Male:	1	Total Latinos:	9
White Female:	13	White Male:	4	Total Whites:	17
Total Females:	45	Total Males:	14	Total Eyes:		59

Cluster 5:

Total Eyes:	44
Asian Female:	2	Asian Male:	1	Total Asians:		3
Black Female:	16	Black Male:	1	Total Blacks:		17
Latino Female:	4	Latino Male:	0	Total Latinos:	4
White Female:	16	White Male:	4	Total Whites:	20
Total Females:	38	Total Males:	6	Total Eyes:		44

Cluster 6:

Total Eyes:	73
Asian Female:	6	Asian Male:	7	Total Asians:		13
Black Female:	7	Black Male:	17	Total Blacks:		24
Latino Female:	9	Latino Male:	9	Total Latinos:	18
White Female:	3	White Male:	15	Total Whites:	18
Total Females:	25	Total Males:	48	Total Eyes:		73

Cluster 7:

Total Eyes:	64
Asian Female:	9	Asian Male:	3	Total Asians:		12
Black Female:	12	Black Male:	7	Total Blacks:		19
Latino Female:	6	Latino Male:	2	Total Latinos:	8
White Female:	16	White Male:	9	Total Whites:	25
Total Females:	43	Total Males:	21	Total Eyes:		64

Cluster 8:

Total Eyes:	127
Asian Female:	11	Asian Male:	3	Total Asians:		14
Black Female:	29	Black Male:	23	Total Blacks:		52
Latino Female:	17	Latino Male:	5	Total Latinos:	22
White Female:	17	White Male:	22	Total Whites:	39
Total Females:	74	Total Males:	53	Total Eyes:		127

Cluster 9:

Total Eyes:	7
Asian Female:	1	Asian Male:	0	Total Asians:		1
Black Female:	3	Black Male:	0	Total Blacks:		3
Latino Female:	0	Latino Male:	0	Total Latinos:	0
White Female:	3	White Male:	0	Total Whites:	3
Total Females:	7	Total Males:	0	Total Eyes:		7

Cluster 10:

Total Eyes:	10
Asian Female:	1	Asian Male:	6	Total Asians:		7
Black Female:	0	Black Male:	3	Total Blacks:		3
Latino Female:	0	Latino Male:	0	Total Latinos:	0
White Female:	0	White Male:	0	Total Whites:	0
Total Females:	1	Total Males:	9	Total Eyes:		10

Cluster 11:

Total Eyes:	26
Asian Female:	1	Asian Male:	3	Total Asians:		4
Black Female:	0	Black Male:	5	Total Blacks:		5
Latino Female:	1	Latino Male:	7	Total Latinos:	8
White Female:	2	White Male:	7	Total Whites:	9
Total Females:	4	Total Males:	22	Total Eyes:		26

Cluster 12:

Total Eyes:	24
Asian Female:	1	Asian Male:	7	Total Asians:		8
Black Female:	1	Black Male:	3	Total Blacks:		4
Latino Female:	1	Latino Male:	7	Total Latinos:	8
White Female:	1	White Male:	3	Total Whites:	4
Total Females:	4	Total Males:	20	Total Eyes:		24

Cluster 13:

Total Eyes:	6
Asian Female:	0	Asian Male:	4	Total Asians:		4
Black Female:	0	Black Male:	1	Total Blacks:		1
Latino Female:	0	Latino Male:	0	Total Latinos:	0
White Female:	0	White Male:	1	Total Whites:	1
Total Females:	0	Total Males:	6	Total Eyes:		6

Cluster 14:

Total Eyes:	2
Asian Female:	0	Asian Male:	1	Total Asians:		1
Black Female:	0	Black Male:	0	Total Blacks:		0
Latino Female:	0	Latino Male:	0	Total Latinos:	0
White Female:	0	White Male:	1	Total Whites:	1
Total Females:	0	Total Males:	2	Total Eyes:		2

Cluster 15:

Total Eyes:	2
Asian Female:	0	Asian Male:	0	Total Asians:		0
Black Female:	1	Black Male:	1	Total Blacks:		2
Latino Female:	0	Latino Male:	0	Total Latinos:	0
White Female:	0	White Male:	0	Total Whites:	0
Total Females:	1	Total Males:	1	Total Eyes:		2

Total Asians: 109
Total Blacks: 197
Total Latinos: 108
Total Whites: 182
